[2023-08-21 19:33:02] [INFO    ] discord.client: logging in using static token
[2023-08-21 19:33:03] [INFO    ] discord.gateway: Shard ID None has connected to Gateway (Session ID: 99891cefd08e8a2dbc92ea873c590501).
[2023-08-21 19:33:40] [INFO    ] discord.client: logging in using static token
[2023-08-21 19:33:41] [INFO    ] discord.gateway: Shard ID None has connected to Gateway (Session ID: acabd24038431e4d45db640614f9e3af).
[2023-08-21 19:35:05] [INFO    ] discord.client: logging in using static token
[2023-08-21 19:35:06] [INFO    ] discord.gateway: Shard ID None has connected to Gateway (Session ID: 7a24afe493bdb1b6ed3f97ed4fecab0e).
[2023-08-21 19:35:19] [INFO    ] discord.voice_client: Connecting to voice...
[2023-08-21 19:35:19] [INFO    ] discord.voice_client: Starting voice handshake... (connection attempt 1)
[2023-08-21 19:35:19] [INFO    ] discord.voice_client: Voice handshake complete. Endpoint found atlanta5387.discord.media
[2023-08-21 19:35:22] [INFO    ] discord.voice_client: The voice handshake is being terminated for Channel ID 1143313485837643896 (Guild ID 1042983820242190409)
[2023-08-21 19:35:22] [INFO    ] discord.voice_client: Disconnecting from voice normally, close code 1000.
[2023-08-21 19:35:36] [INFO    ] discord.voice_client: Connecting to voice...
[2023-08-21 19:35:36] [INFO    ] discord.voice_client: Starting voice handshake... (connection attempt 1)
[2023-08-21 19:35:36] [INFO    ] discord.voice_client: Voice handshake complete. Endpoint found atlanta5387.discord.media
Traceback (most recent call last):
  File "/home/jamespur/development/DiscordBot/bot.py", line 173, in say
    voice_channel.play(discord.FFmpegPCMAudio(executable="./ffmpeg", source=filepath))
  File "/home/jamespur/.local/lib/python3.9/site-packages/discord/player.py", line 290, in __init__
    super().__init__(source, executable=executable, args=args, **subprocess_kwargs)
  File "/home/jamespur/.local/lib/python3.9/site-packages/discord/player.py", line 166, in __init__
    self._process = self._spawn_process(args, **kwargs)
  File "/home/jamespur/.local/lib/python3.9/site-packages/discord/player.py", line 183, in _spawn_process
    raise ClientException(executable + ' was not found.') from None
discord.errors.ClientException: ./ffmpeg was not found.
[2023-08-21 19:38:31] [INFO    ] discord.player: ffmpeg process 6714 has not terminated. Waiting to terminate...
[2023-08-21 19:38:31] [INFO    ] discord.player: ffmpeg process 6714 should have terminated with a return code of -9.
[2023-08-21 19:39:49] [INFO    ] discord.voice_client: The voice handshake is being terminated for Channel ID 1143313485837643896 (Guild ID 1042983820242190409)
[2023-08-21 19:39:49] [INFO    ] discord.voice_client: Disconnecting from voice normally, close code 1000.
